04-Dec-2025 07:14:58.037 INFO [main] org.apache.catalina.core.ApplicationContext.log ContextListener: contextInitialized()
04-Dec-2025 07:14:58.037 INFO [main] org.apache.catalina.core.ApplicationContext.log SessionListener: contextInitialized()
04-Dec-2025 07:14:58.037 INFO [main] org.apache.catalina.core.ApplicationContext.log ContextListener: attributeAdded('StockTicker', 'async.Stockticker@2a58d00a')
04-Dec-2025 07:16:41.513 INFO [Thread-1] org.apache.catalina.core.ApplicationContext.log SessionListener: contextDestroyed()
04-Dec-2025 07:16:41.514 INFO [Thread-1] org.apache.catalina.core.ApplicationContext.log ContextListener: contextDestroyed()
04-Dec-2025 07:16:45.748 INFO [main] org.apache.catalina.core.ApplicationContext.log ContextListener: contextInitialized()
04-Dec-2025 07:16:45.749 INFO [main] org.apache.catalina.core.ApplicationContext.log SessionListener: contextInitialized()
04-Dec-2025 07:16:45.749 INFO [main] org.apache.catalina.core.ApplicationContext.log ContextListener: attributeAdded('StockTicker', 'async.Stockticker@29617475')
04-Dec-2025 07:16:45.778 INFO [main] org.apache.catalina.core.ApplicationContext.log SessionListener: contextDestroyed()
04-Dec-2025 07:16:45.779 INFO [main] org.apache.catalina.core.ApplicationContext.log ContextListener: contextDestroyed()
04-Dec-2025 07:17:37.067 INFO [main] org.apache.catalina.core.ApplicationContext.log ContextListener: contextInitialized()
04-Dec-2025 07:17:37.067 INFO [main] org.apache.catalina.core.ApplicationContext.log SessionListener: contextInitialized()
04-Dec-2025 07:17:37.067 INFO [main] org.apache.catalina.core.ApplicationContext.log ContextListener: attributeAdded('StockTicker', 'async.Stockticker@78f2cab9')
04-Dec-2025 07:18:56.456 INFO [http-nio-8081-exec-4] org.apache.catalina.core.ApplicationContext.log org.kursach.kursach.security.LoginServlet: Не удалось выполнить контейнерную аутентификацию: Login failed
04-Dec-2025 07:18:57.850 INFO [http-nio-8081-exec-6] org.apache.catalina.core.ApplicationContext.log org.kursach.kursach.security.LoginServlet: Не удалось выполнить контейнерную аутентификацию: Login failed
04-Dec-2025 07:20:23.283 INFO [Thread-1] org.apache.catalina.core.ApplicationContext.log SessionListener: contextDestroyed()
04-Dec-2025 07:20:23.283 INFO [Thread-1] org.apache.catalina.core.ApplicationContext.log ContextListener: contextDestroyed()
04-Dec-2025 07:20:27.712 INFO [main] org.apache.catalina.core.ApplicationContext.log ContextListener: contextInitialized()
04-Dec-2025 07:20:27.712 INFO [main] org.apache.catalina.core.ApplicationContext.log SessionListener: contextInitialized()
04-Dec-2025 07:20:27.712 INFO [main] org.apache.catalina.core.ApplicationContext.log ContextListener: attributeAdded('StockTicker', 'async.Stockticker@22e8f04c')
04-Dec-2025 07:20:27.741 INFO [main] org.apache.catalina.core.ApplicationContext.log SessionListener: contextDestroyed()
04-Dec-2025 07:20:27.741 INFO [main] org.apache.catalina.core.ApplicationContext.log ContextListener: contextDestroyed()
04-Dec-2025 07:21:35.791 INFO [main] org.apache.catalina.core.ApplicationContext.log ContextListener: contextInitialized()
04-Dec-2025 07:21:35.791 INFO [main] org.apache.catalina.core.ApplicationContext.log SessionListener: contextInitialized()
04-Dec-2025 07:21:35.791 INFO [main] org.apache.catalina.core.ApplicationContext.log ContextListener: attributeAdded('StockTicker', 'async.Stockticker@7c4b7bc3')
04-Dec-2025 07:22:53.617 INFO [http-nio-8081-exec-10] org.apache.catalina.core.ApplicationContext.log org.kursach.kursach.security.LoginServlet: Не удалось выполнить контейнерную аутентификацию: Login failed
